<?xml version="1.0" encoding="UTF-8"?>
<!-- Generated by org.testng.reporters.JUnitReportReporter -->
<testsuite skipped="0" hostname="webric103-Vostro-3470" name="cases.Ready2Teach.SubsRegis" tests="9" failures="0" timestamp="2019-11-27T16:44:24 IST" time="46.168" errors="0">
  <testcase name="PasswordvalidErr" time="2.527" classname="cases.Ready2Teach.SubsRegis"/>
  <testcase name="cnfrmPasswordErr" time="2.933" classname="cases.Ready2Teach.SubsRegis"/>
  <testcase name="SubsRegis_Err" time="2.858" classname="cases.Ready2Teach.SubsRegis"/>
  <testcase name="EmailIdErr" time="6.192" classname="cases.Ready2Teach.SubsRegis"/>
  <testcase name="SubInstructorSelectAll" time="5.124" classname="cases.Ready2Teach.SubsRegis"/>
  <testcase name="PasswordErrs" time="2.652" classname="cases.Ready2Teach.SubsRegis"/>
  <testcase name="InstructorSelectAll" time="4.154" classname="cases.Ready2Teach.SubsRegis"/>
  <testcase name="SubsCounty" time="8.829" classname="cases.Ready2Teach.SubsRegis"/>
  <testcase name="FinalTest" time="10.899" classname="cases.Ready2Teach.SubsRegis"/>
</testsuite> <!-- cases.Ready2Teach.SubsRegis -->
