<?xml version="1.0" encoding="UTF-8"?>
<!-- Generated by org.testng.reporters.JUnitReportReporter -->
<testsuite skipped="0" hostname="webric103-Vostro-3470" name="cases.Ready2Teach.SubsRegis" tests="9" failures="0" timestamp="2019-11-21T11:05:12 IST" time="45.260" errors="0">
  <testcase name="PasswordvalidErr" time="3.063" classname="cases.Ready2Teach.SubsRegis"/>
  <testcase name="SubsRegis_Err" time="2.844" classname="cases.Ready2Teach.SubsRegis"/>
  <testcase name="cnfrmPasswordErr" time="2.779" classname="cases.Ready2Teach.SubsRegis"/>
  <testcase name="SubsCounty" time="7.738" classname="cases.Ready2Teach.SubsRegis"/>
  <testcase name="PasswordErrs" time="3.178" classname="cases.Ready2Teach.SubsRegis"/>
  <testcase name="SubInstructorSelectAll" time="5.024" classname="cases.Ready2Teach.SubsRegis"/>
  <testcase name="FinalTest" time="10.237" classname="cases.Ready2Teach.SubsRegis"/>
  <testcase name="EmailIdErr" time="5.988" classname="cases.Ready2Teach.SubsRegis"/>
  <testcase name="InstructorSelectAll" time="4.409" classname="cases.Ready2Teach.SubsRegis"/>
</testsuite> <!-- cases.Ready2Teach.SubsRegis -->
