<?xml version="1.0" encoding="UTF-8"?>
<!-- Generated by org.testng.reporters.JUnitReportReporter -->
<testsuite skipped="0" hostname="webric103-Vostro-3470" name="cases.Ready2Teach.School_Register" tests="6" failures="0" timestamp="2019-11-27T16:44:24 IST" time="33.152" errors="0">
  <testcase name="cnfmPwdMatch" time="5.936" classname="cases.Ready2Teach.School_Register"/>
  <testcase name="schoolRegFormfill" time="11.132" classname="cases.Ready2Teach.School_Register"/>
  <testcase name="subsregerror" time="4.471" classname="cases.Ready2Teach.School_Register"/>
  <testcase name="validemailErr" time="4.236" classname="cases.Ready2Teach.School_Register"/>
  <testcase name="pwdLengthErr" time="2.811" classname="cases.Ready2Teach.School_Register"/>
  <testcase name="cnfmPwdMatchErr" time="4.566" classname="cases.Ready2Teach.School_Register"/>
</testsuite> <!-- cases.Ready2Teach.School_Register -->
