<?xml version="1.0" encoding="UTF-8"?>
<!-- Generated by org.testng.reporters.JUnitReportReporter -->
<testsuite skipped="0" hostname="webric103-Vostro-3470" name="cases.Ready2Teach.School_Register" tests="6" failures="0" timestamp="2019-11-21T11:05:12 IST" time="35.485" errors="0">
  <testcase name="pwdLengthErr" time="2.662" classname="cases.Ready2Teach.School_Register"/>
  <testcase name="cnfmPwdMatchErr" time="4.473" classname="cases.Ready2Teach.School_Register"/>
  <testcase name="schoolRegFormfill" time="10.965" classname="cases.Ready2Teach.School_Register"/>
  <testcase name="subsregerror" time="5.487" classname="cases.Ready2Teach.School_Register"/>
  <testcase name="validemailErr" time="4.654" classname="cases.Ready2Teach.School_Register"/>
  <testcase name="cnfmPwdMatch" time="7.244" classname="cases.Ready2Teach.School_Register"/>
</testsuite> <!-- cases.Ready2Teach.School_Register -->
