<?xml version="1.0" encoding="UTF-8"?>
<!-- Generated by org.testng.reporters.JUnitReportReporter -->
<testsuite skipped="0" hostname="webric103-Vostro-3470" name="cases.Ready2Teach.ForgetPassword" tests="5" failures="0" timestamp="2019-11-27T16:44:24 IST" time="30.397" errors="0">
  <testcase name="Forget_SignIn" time="0.772" classname="cases.Ready2Teach.ForgetPassword"/>
  <testcase name="forgetPasswordErr" time="1.087" classname="cases.Ready2Teach.ForgetPassword"/>
  <testcase name="ForgetPwdSubsRegis" time="2.406" classname="cases.Ready2Teach.ForgetPassword"/>
  <testcase name="ForgetPwdSchoolRegis" time="9.119" classname="cases.Ready2Teach.ForgetPassword"/>
  <testcase name="forgetPwd" time="17.013" classname="cases.Ready2Teach.ForgetPassword"/>
</testsuite> <!-- cases.Ready2Teach.ForgetPassword -->
