<?xml version="1.0" encoding="UTF-8"?>
<!-- Generated by org.testng.reporters.JUnitReportReporter -->
<testsuite skipped="0" hostname="webric103-Vostro-3470" name="cases.Ready2Teach.AppTest" tests="1" failures="0" timestamp="2019-11-18T17:51:02 IST" time="0.001" errors="0">
  <testcase name="testApp" time="0.001" classname="cases.Ready2Teach.AppTest"/>
</testsuite> <!-- cases.Ready2Teach.AppTest -->
